<?xml version="1.0" encoding="UTF-8"?>
<!-- Generated by org.testng.reporters.JUnitXMLReporter -->
<testsuite ignored="0" hostname="DESKTOP-1T4LVLH" failures="1" tests="1" name="PositiveTests" time="20.252" errors="0" timestamp="2023-04-05T15:16:47 IST">
  <testcase classname="com.herokuapp.theinternet.PositiveTests" name="loginTest" time="20.161">
    <failure type="java.lang.AssertionError" message="Actual page url is not same as expected expected [https://dashboard-stg.optiq.ai/environment] but found [https://dashboard-stg.optiq.ai/login]">
      <![CDATA[java.lang.AssertionError: Actual page url is not same as expected expected [https://dashboard-stg.optiq.ai/environment] but found [https://dashboard-stg.optiq.ai/login]
at com.herokuapp.theinternet.PositiveTests.loginTest(PositiveTests.java:59)
at java.base/java.util.ArrayList.forEach(ArrayList.java:1511)
... Removed 32 stack frames]]>
    </failure>
  </testcase> <!-- loginTest -->
</testsuite> <!-- PositiveTests -->
