<?xml version="1.0" encoding="UTF-8"?>
<testng-results ignored="5" total="6" passed="1" failed="0" skipped="0">
  <reporter-output>
  </reporter-output>
  <suite started-at="2023-05-30T12:54:38 IST" name="Default suite" finished-at="2023-05-30T12:56:27 IST" duration-ms="109841">
    <groups>
    </groups>
    <test started-at="2023-05-30T12:54:38 IST" name="Default test" finished-at="2023-05-30T12:56:27 IST" duration-ms="109841">
      <class name="com.herokuapp.theinternet.BuildEnvironmentSetup">
        <test-method signature="ValidClusterNameForDev()[pri:4, instance:com.herokuapp.theinternet.BuildEnvironmentSetup@209da20d]" started-at="2023-05-30T12:54:38 IST" name="ValidClusterNameForDev" finished-at="2023-05-30T12:56:27 IST" duration-ms="109760" status="PASS">
          <reporter-output>
          </reporter-output>
        </test-method> <!-- ValidClusterNameForDev -->
      </class> <!-- com.herokuapp.theinternet.BuildEnvironmentSetup -->
    </test> <!-- Default test -->
  </suite> <!-- Default suite -->
</testng-results>
