<?xml version="1.0" encoding="UTF-8"?>
<testng-results ignored="0" total="1" passed="1" failed="0" skipped="0">
  <reporter-output>
  </reporter-output>
  <suite started-at="2023-04-09T16:53:37 IST" name="Default suite" finished-at="2023-04-09T16:54:36 IST" duration-ms="59331">
    <groups>
    </groups>
    <test started-at="2023-04-09T16:53:37 IST" name="Default test" finished-at="2023-04-09T16:54:36 IST" duration-ms="59331">
      <class name="com.herokuapp.theinternet.CreateUser">
        <test-method signature="creatingUser()[pri:0, instance:com.herokuapp.theinternet.CreateUser@316bcf94]" started-at="2023-04-09T16:53:37 IST" name="creatingUser" finished-at="2023-04-09T16:54:36 IST" duration-ms="59222" status="PASS">
          <reporter-output>
          </reporter-output>
        </test-method> <!-- creatingUser -->
      </class> <!-- com.herokuapp.theinternet.CreateUser -->
    </test> <!-- Default test -->
  </suite> <!-- Default suite -->
</testng-results>
