<?xml version="1.0" encoding="UTF-8"?>
<!-- Generated by org.testng.reporters.JUnitXMLReporter -->
<testsuite ignored="5" hostname="DESKTOP-1T4LVLH" failures="0" tests="1" name="Default test" time="109.841" errors="0" timestamp="2023-05-30T12:56:28 IST">
  <testcase classname="com.herokuapp.theinternet.BuildEnvironmentSetup" name="ValidClusterNameForDev" time="109.76"/>
  <testcase classname="com.herokuapp.theinternet.BuildEnvironmentSetup" name="EnvironmentCreatingDev" time="0.0">
    <ignored/>
  </testcase> <!-- EnvironmentCreatingDev -->
  <testcase classname="com.herokuapp.theinternet.BuildEnvironmentSetup" name="EnvironmentCreatingWithValidName" time="0.0">
    <ignored/>
  </testcase> <!-- EnvironmentCreatingWithValidName -->
  <testcase classname="com.herokuapp.theinternet.BuildEnvironmentSetup" name="EnvironmentCreatingforStaging" time="0.0">
    <ignored/>
  </testcase> <!-- EnvironmentCreatingforStaging -->
  <testcase classname="com.herokuapp.theinternet.BuildEnvironmentSetup" name="ValidClusterNameForStaging" time="0.0">
    <ignored/>
  </testcase> <!-- ValidClusterNameForStaging -->
  <testcase classname="com.herokuapp.theinternet.BuildEnvironmentSetup" name="ValidClusterNameForProd" time="0.0">
    <ignored/>
  </testcase> <!-- ValidClusterNameForProd -->
</testsuite> <!-- Default test -->
